<?xml version="1.0" encoding="UTF-8"?>
<testsuite xmlns:xsi="http://www.w3.org/2001/XMLSchema-instance" xsi:noNamespaceSchemaLocation="https://maven.apache.org/surefire/maven-surefire-plugin/xsd/surefire-test-report.xsd" version="3.0.2" name="com.runnerapp.RunnerAppApplicationTests" time="0.858" tests="1" errors="0" skipped="0" failures="0">
  <properties>
[...]
</properties>
  <testcase name="contextLoads" classname="com.runnerapp.RunnerAppApplicationTests" time="0.311">
    <system-out><![CDATA[11:31:46.816 [main] INFO org.springframework.test.context.support.AnnotationConfigContextLoaderUtils -- Could not detect default configuration classes for test class [com.runnerapp.RunnerAppApplicationTests]: RunnerAppApplicationTests does not declare any static, non-private, non-final, nested classes annotated with @Configuration.
11:31:46.853 [main] INFO org.springframework.boot.test.context.SpringBootTestContextBootstrapper -- Found @SpringBootConfiguration com.runnerapp.RunnerAppApplication for test class com.runnerapp.RunnerAppApplicationTests

  .   ____          _            __ _ _
 /\\ / ___'_ __ _ _(_)_ __  __ _ \ \ \ \
( ( )\___ | '_ | '_| | '_ \/ _` | \ \ \ \
 \\/  ___)| |_)| | | | | || (_| |  ) ) ) )
  '  |____| .__|_| |_|_| |_\__, | / / / /
 =========|_|==============|___/=/_/_/_/

 :: Spring Boot ::                (v3.5.3)

2025-07-16T11:31:46.985+02:00  INFO 91696 --- [RunnerApp] [           main] c.runnerapp.RunnerAppApplicationTests    : Starting RunnerAppApplicationTests using Java 24.0.1 with PID 91696 (started by ducvu in /Users/ducvu/Desktop/RunnerApp)
2025-07-16T11:31:46.985+02:00  INFO 91696 --- [RunnerApp] [           main] c.runnerapp.RunnerAppApplicationTests    : No active profile set, falling back to 1 default profile: "default"
2025-07-16T11:31:47.307+02:00  INFO 91696 --- [RunnerApp] [           main] c.runnerapp.RunnerAppApplicationTests    : Started RunnerAppApplicationTests in 0.405 seconds (process running for 0.726)
]]></system-out>
    <system-err><![CDATA[Mockito is currently self-attaching to enable the inline-mock-maker. This will no longer work in future releases of the JDK. Please add Mockito as an agent to your build as described in Mockito's documentation: https://javadoc.io/doc/org.mockito/mockito-core/latest/org.mockito/org/mockito/Mockito.html#0.3
WARNING: A Java agent has been loaded dynamically (/Users/ducvu/.m2/repository/net/bytebuddy/byte-buddy-agent/1.17.6/byte-buddy-agent-1.17.6.jar)
WARNING: If a serviceability tool is in use, please run with -XX:+EnableDynamicAgentLoading to hide this warning
WARNING: If a serviceability tool is not in use, please run with -Djdk.instrument.traceUsage for more information
WARNING: Dynamic loading of agents will be disallowed by default in a future release
]]></system-err>
  </testcase>
</testsuite>